-------------------------------------------------------------------------------
Test set: api.ApiApplicationTests
-------------------------------------------------------------------------------
Tests run: 1, Failures: 0, Errors: 1, Skipped: 0, Time elapsed: 1.757 s <<< FAILURE! - in api.ApiApplicationTests
contextLoads  Time elapsed: 0.014 s  <<< ERROR!
java.lang.IllegalStateException: Failed to load ApplicationContext
Caused by: org.springframework.beans.factory.BeanCreationException: Error creating bean with name 'springSecurityFilterChain' defined in class path resource [org/springframework/security/config/annotation/web/configuration/WebSecurityConfiguration.class]: Bean instantiation via factory method failed; nested exception is org.springframework.beans.BeanInstantiationException: Failed to instantiate [javax.servlet.Filter]: Factory method 'springSecurityFilterChain' threw exception; nested exception is java.lang.RuntimeException: Could not postProcess org.springframework.security.authentication.dao.DaoAuthenticationProvider@56382bc9 of type class org.springframework.security.authentication.dao.DaoAuthenticationProvider
Caused by: org.springframework.beans.BeanInstantiationException: Failed to instantiate [javax.servlet.Filter]: Factory method 'springSecurityFilterChain' threw exception; nested exception is java.lang.RuntimeException: Could not postProcess org.springframework.security.authentication.dao.DaoAuthenticationProvider@56382bc9 of type class org.springframework.security.authentication.dao.DaoAuthenticationProvider
Caused by: java.lang.RuntimeException: Could not postProcess org.springframework.security.authentication.dao.DaoAuthenticationProvider@56382bc9 of type class org.springframework.security.authentication.dao.DaoAuthenticationProvider
Caused by: org.springframework.beans.factory.BeanCreationException: Error creating bean with name 'org.springframework.security.authentication.dao.DaoAuthenticationProvider@56382bc9': Invocation of init method failed; nested exception is java.lang.IllegalArgumentException: A UserDetailsService must be set
Caused by: java.lang.IllegalArgumentException: A UserDetailsService must be set

